[game4ou.xyz/fortnitefreeskin168/index.html]
[backblue.gif]
[fade.gif]
[index.html]
[browser.sentry-cdn.com/6.4.1/bundle.min.js]
[www.google-analytics.com/analytics.js]
[d13pxqgp3ixdbh.cloudfront.net/uploads/1605427044c3394080ee2561fa5038769efb5f0dea.jpg]
[game4ou.xyz/fortnitefreeskin168/style.html]
[d13pxqgp3ixdbh.cloudfront.net/uploads/160542714371d28965c9ee03636d7bc2f4ccaa3142.png]
[d13pxqgp3ixdbh.cloudfront.net/uploads/1605427145ebe70dc6ac94e19912dc6d734ffa17cd.png]
[d13pxqgp3ixdbh.cloudfront.net/uploads/1605198014035313f8750beb78e821cd36e4ee628d.png]
[d13pxqgp3ixdbh.cloudfront.net/uploads/1605198014adf9ffe4eda0156f09da916c366d22ef.png]
[d13pxqgp3ixdbh.cloudfront.net/uploads/16051980144ce75ba5e52cd007902df6b41335efdc.png]
[d13pxqgp3ixdbh.cloudfront.net/uploads/1605427144795f29f46b38a49a9ad78a4d133cffc1.png]
[d13pxqgp3ixdbh.cloudfront.net/uploads/16054271425e037af20a8ef557ec46fc7fbc3e4cde.png]
[d13pxqgp3ixdbh.cloudfront.net/uploads/1605427140ae73a67867029930066a333bac24d8a5.png]
[d13pxqgp3ixdbh.cloudfront.net/uploads/16054271381fa44614d71be10cdaa18b8708274c44.png]
[d13pxqgp3ixdbh.cloudfront.net/uploads/1605427134cc1e0b2833678bb8f4a35c27ea391c61.png]
[d13pxqgp3ixdbh.cloudfront.net/uploads/16054271324272c775586b9b2465deea86b93e4f80.png]
[d13pxqgp3ixdbh.cloudfront.net/uploads/160542712953791f3e808a6439e1846f2bd378ca49.png]
[d13pxqgp3ixdbh.cloudfront.net/uploads/1605427125d3cf705dd2e6c3993e1fa9bf726df66d.png]
[d13pxqgp3ixdbh.cloudfront.net/uploads/1605427122cbf1e0c1e91e9d1ceeaf9195cbc1649b.png]
[d13pxqgp3ixdbh.cloudfront.net/uploads/160542711897ffa2b769646f95b7cdbb91e95c4119.png]
[d13pxqgp3ixdbh.cloudfront.net/uploads/16054271149c318ad69b223becbb785794d571f069.png]
[d13pxqgp3ixdbh.cloudfront.net/uploads/1605427112f9441095295db16574209918245adba9.png]
[d13pxqgp3ixdbh.cloudfront.net/uploads/1605427110eeb4c4617e11eaca2251f06b344298b1.png]
[d13pxqgp3ixdbh.cloudfront.net/uploads/16054271083708c0abb0741a39f90c065240f29e49.png]
[d13pxqgp3ixdbh.cloudfront.net/uploads/1605427105dad9afb374a758ac010a6093a0e9031f.png]
[d13pxqgp3ixdbh.cloudfront.net/uploads/1605427103ab8fa422bfc919b6d51cf1c605007d00.png]
[d13pxqgp3ixdbh.cloudfront.net/uploads/1605427101fcd7c7a61c40f55cb132a873dde31235.png]
[d13pxqgp3ixdbh.cloudfront.net/uploads/1605427098c0f57ed91aa3ee87b78050cd4b32d7e0.png]
[d13pxqgp3ixdbh.cloudfront.net/uploads/1605427096aeae9cafeccb5a03d1797b2ea0d1b00a.png]
[d13pxqgp3ixdbh.cloudfront.net/uploads/1605427093e124b0d989a4944f1a18742f10c3d250.png]
[d13pxqgp3ixdbh.cloudfront.net/uploads/1605427091141dfa2d325fac8a89f51284764040de.png]
[d13pxqgp3ixdbh.cloudfront.net/uploads/16054270884a378371f149d434a0d5d191c0a20f0d.png]
[d13pxqgp3ixdbh.cloudfront.net/uploads/16054270862bbc5ad765ff95a026f8801733caa0d2.png]
[d13pxqgp3ixdbh.cloudfront.net/uploads/1605427084bb3188a3451b3b22c2a438ab6b6a4c41.png]
[d13pxqgp3ixdbh.cloudfront.net/uploads/1605427081990b6ab0800ec3097ac4b62fba028198.png]
[d13pxqgp3ixdbh.cloudfront.net/uploads/16054270799fff06a6d0f50adad04401c9778fd97b.png]
[d13pxqgp3ixdbh.cloudfront.net/uploads/1605427076f3a96af83a9a4301b3c97789dcdc721d.png]
[d13pxqgp3ixdbh.cloudfront.net/uploads/1605427074d876d451f1c1b7934d6534764ccccbe1.png]
[d13pxqgp3ixdbh.cloudfront.net/uploads/1605427071fc999c75c372f592bfcd1d6b0ab9aec4.png]
[d13pxqgp3ixdbh.cloudfront.net/uploads/1605427070a1c2b89cfc23065d0d2b1ef8adcff31c.png]
[d13pxqgp3ixdbh.cloudfront.net/uploads/160542706874888404f8c2df3889e67217db628de6.png]
[d13pxqgp3ixdbh.cloudfront.net/uploads/1605427067ff5669b06ee18c736b7081702ca1f654.png]
[d13pxqgp3ixdbh.cloudfront.net/uploads/16054270653f800b4a7fcf6c999e746b97ac304a95.png]
[d13pxqgp3ixdbh.cloudfront.net/uploads/160542706352daf4feed8616d05164543d4452fe24.png]
[d13pxqgp3ixdbh.cloudfront.net/uploads/1605427062446fbef0fe36897075a90ab2c60a6031.png]
[d13pxqgp3ixdbh.cloudfront.net/uploads/16054270605d7fb3422f157cd6ee895713241b5bbd.png]
[d13pxqgp3ixdbh.cloudfront.net/uploads/160542705850ac6c55982c2287fb1fe4d90a300674.png]
[d13pxqgp3ixdbh.cloudfront.net/uploads/160542705557e763676e13a96dfad6cd69993c7347.png]
[d13pxqgp3ixdbh.cloudfront.net/uploads/1605427053f332eab62e34906c7601791ac1efdf4a.png]
[d13pxqgp3ixdbh.cloudfront.net/uploads/160542705121eb29ec2959a702e1ccae9f52507ed6.png]
[d13pxqgp3ixdbh.cloudfront.net/uploads/16054270480c23767ffe361260a84fedc3c5f316c0.png]
[d13pxqgp3ixdbh.cloudfront.net/uploads/1605427045dd592ab238388c0d6f2606263fa93fb2.png]
[game4ou.xyz/fortnitefreeskin168/img/imagename1.html]
[d13pxqgp3ixdbh.cloudfront.net/uploads/16051909308f891e9d7975618c86331c3b28d9a6ba.png]
[d13pxqgp3ixdbh.cloudfront.net/uploads/16051909312baafdaa04e30dd4c4f66b0de4c4353f.png]
[d13pxqgp3ixdbh.cloudfront.net/uploads/160436571329924a368b12ab7c763d16a4ce7c06b1.png]
[d13pxqgp3ixdbh.cloudfront.net/uploads/160436571804e3337a5b5284fc5053910a1c9c9bc1.png]
[d13pxqgp3ixdbh.cloudfront.net/uploads/160436570838a5323925fd8eb22f0ba979d3d5e84c.png]
[d13pxqgp3ixdbh.cloudfront.net/uploads/1604533640efc5a3326a5831320a2fbb0557d7cf3c.png]
[game4ou.xyz/fortnitefreeskin168/main.html]
[ajax.googleapis.com/ajax/libs/jquery/2.2.4/jquery.min.js]
[d12u7tum9sda5e.cloudfront.net/9db91d9.js]
[game4ou.xyz/fortnitefreeskin168/customTemplateGlobal.html]
[game4ou.xyz/fortnitefreeskin168/index.html]
[game4ou.xyz/fortnitefreeskin168/style.html]
[game4ou.xyz/fortnitefreeskin168/img/imagename1.html]
[game4ou.xyz/fortnitefreeskin168/main.html]
[game4ou.xyz/fortnitefreeskin168/customTemplateGlobal.html]
